<?xml version="1.0" encoding="UTF-8"?>
<!-- Generated by org.testng.reporters.JUnitReportReporter -->
<testsuite skipped="0" hostname="SwapnaTirumala" name="TestCasesDotdash.testCases" tests="4" failures="0" timestamp="23 Jan 2019 19:48:29 GMT" time="40.856" errors="0">
  <testcase name="AddTodoTestcase01" time="10.923" classname="TestCasesDotdash.testCases"/>
  <testcase name="AddTodoTestcase01" time="11.074" classname="TestCasesDotdash.testCases"/>
  <testcase name="DuplicateAddTodo" time="9.929" classname="TestCasesDotdash.testCases"/>
  <testcase name="DeleteTodo" time="8.930" classname="TestCasesDotdash.testCases"/>
</testsuite> <!-- TestCasesDotdash.testCases -->
